<?xml version="1.0" encoding="UTF-8"?>
<!-- Generated by org.testng.reporters.JUnitXMLReporter -->
<testsuite ignored="2" hostname="192.168.1.10" failures="0" tests="1" name="Default test" time="8.51" errors="0" timestamp="2022-09-07T17:03:44 IST">
  <testcase classname="com.vtechsolution.orangehrm.testcases.LoginTest" name="verifylogoTC2" time="2.849"/>
  <testcase classname="com.vtechsolution.orangehrm.testcases.LoginTest" name="verifyLoginPageTitleTC3" time="0.0">
    <ignored/>
  </testcase> <!-- verifyLoginPageTitleTC3 -->
  <testcase classname="com.vtechsolution.orangehrm.testcases.LoginTest" name="loginTestTC1" time="0.0">
    <ignored/>
  </testcase> <!-- loginTestTC1 -->
</testsuite> <!-- Default test -->
