<?xml version="1.0" encoding="UTF-8"?>
<testng-results ignored="2" total="3" passed="1" failed="0" skipped="0">
  <reporter-output>
  </reporter-output>
  <suite started-at="2022-09-07T17:03:35 IST" name="Default suite" finished-at="2022-09-07T17:03:44 IST" duration-ms="8510">
    <groups>
    </groups>
    <test started-at="2022-09-07T17:03:35 IST" name="Default test" finished-at="2022-09-07T17:03:44 IST" duration-ms="8510">
      <class name="com.vtechsolution.orangehrm.testcases.LoginTest">
        <test-method is-config="true" signature="openthebrowser()[pri:0, instance:com.vtechsolution.orangehrm.testcases.LoginTest@20d28811]" started-at="2022-09-07T17:03:35 IST" name="openthebrowser" finished-at="2022-09-07T17:03:41 IST" duration-ms="5525" status="PASS">
          <reporter-output>
          </reporter-output>
        </test-method> <!-- openthebrowser -->
        <test-method signature="verifylogoTC2()[pri:2, instance:com.vtechsolution.orangehrm.testcases.LoginTest@20d28811]" started-at="2022-09-07T17:03:41 IST" name="verifylogoTC2" finished-at="2022-09-07T17:03:44 IST" duration-ms="2849" status="PASS">
          <reporter-output>
          </reporter-output>
        </test-method> <!-- verifylogoTC2 -->
        <test-method is-config="true" signature="closethebrowser()[pri:0, instance:com.vtechsolution.orangehrm.testcases.LoginTest@20d28811]" started-at="2022-09-07T17:03:44 IST" name="closethebrowser" finished-at="2022-09-07T17:03:44 IST" duration-ms="107" status="PASS">
          <reporter-output>
          </reporter-output>
        </test-method> <!-- closethebrowser -->
      </class> <!-- com.vtechsolution.orangehrm.testcases.LoginTest -->
    </test> <!-- Default test -->
  </suite> <!-- Default suite -->
</testng-results>
